<?xml version="1.0" encoding="UTF-8"?>
<testsuite name="courseka.at.CoursekaIT" time="1.192" tests="344" errors="0" skipped="0" failures="0">
  <properties>
    <property name="idea.version" value="2016.3.4"/>
    <property name="java.runtime.name" value="Java(TM) SE Runtime Environment"/>
    <property name="sun.boot.library.path" value="C:\Program Files\Java\jdk1.8.0_121\jre\bin"/>
    <property name="java.vm.version" value="25.121-b13"/>
    <property name="user.country.format" value="BE"/>
    <property name="java.vm.vendor" value="Oracle Corporation"/>
    <property name="maven.multiModuleProjectDirectory" value="C:\Users\toma\Google Drive\Stage\Tom\Onderzoeksrapport\POC\2. Automatisatie\courseka"/>
    <property name="java.vendor.url" value="http://java.oracle.com/"/>
    <property name="path.separator" value=";"/>
    <property name="guice.disable.misplaced.annotation.check" value="true"/>
    <property name="java.vm.name" value="Java HotSpot(TM) 64-Bit Server VM"/>
    <property name="file.encoding.pkg" value="sun.io"/>
    <property name="idea.launcher.port" value="7534"/>
    <property name="user.script" value=""/>
    <property name="user.country" value="US"/>
    <property name="sun.java.launcher" value="SUN_STANDARD"/>
    <property name="sun.os.patch.level" value=""/>
    <property name="java.vm.specification.name" value="Java Virtual Machine Specification"/>
    <property name="user.dir" value="C:\Users\toma\Google Drive\Stage\Tom\Onderzoeksrapport\POC\2. Automatisatie\courseka"/>
    <property name="java.runtime.version" value="1.8.0_121-b13"/>
    <property name="java.awt.graphicsenv" value="sun.awt.Win32GraphicsEnvironment"/>
    <property name="java.endorsed.dirs" value="C:\Program Files\Java\jdk1.8.0_121\jre\lib\endorsed"/>
    <property name="os.arch" value="amd64"/>
    <property name="java.io.tmpdir" value="C:\Users\toma\AppData\Local\Temp\"/>
    <property name="line.separator" value="&#10;"/>
    <property name="java.vm.specification.vendor" value="Oracle Corporation"/>
    <property name="user.variant" value=""/>
    <property name="os.name" value="Windows 10"/>
    <property name="classworlds.conf" value="C:\Program Files (x86)\JetBrains\IntelliJ IDEA 2016.3.4\plugins\maven\lib\maven3\bin\m2.conf"/>
    <property name="sun.jnu.encoding" value="Cp1252"/>
    <property name="java.library.path" value="C:\Program Files\Java\jdk1.8.0_121\bin;C:\windows\Sun\Java\bin;C:\windows\system32;C:\windows;C:\ProgramData\Oracle\Java\javapath;C:\Program Files (x86)\Intel\iCLS Client\;C:\Program Files\Intel\iCLS Client\;C:\windows\system32;C:\windows;C:\windows\System32\Wbem;C:\windows\System32\WindowsPowerShell\v1.0\;C:\Program Files\Intel\WiFi\bin\;C:\Program Files\Common Files\Intel\WirelessCommon\;C:\Program Files (x86)\ATI Technologies\ATI.ACE\Core-Static;C:\Program Files (x86)\Intel\Intel(R) Management Engine Components\DAL;C:\Program Files\Intel\Intel(R) Management Engine Components\DAL;C:\Program Files (x86)\Intel\Intel(R) Management Engine Components\IPT;C:\Program Files\Intel\Intel(R) Management Engine Components\IPT;C:\Program Files\Apache\maven\bin;C:\Program Files\nodejs\;C:\Users\toma\AppData\Local\Microsoft\WindowsApps;;C:\Program Files (x86)\Microsoft VS Code\bin;C:\Users\toma\AppData\Roaming\npm;."/>
    <property name="java.specification.name" value="Java Platform API Specification"/>
    <property name="java.class.version" value="52.0"/>
    <property name="sun.management.compiler" value="HotSpot 64-Bit Tiered Compilers"/>
    <property name="os.version" value="10.0"/>
    <property name="user.home" value="C:\Users\toma"/>
    <property name="user.timezone" value="Europe/Paris"/>
    <property name="java.awt.printerjob" value="sun.awt.windows.WPrinterJob"/>
    <property name="java.specification.version" value="1.8"/>
    <property name="idea.launcher.bin.path" value="C:\Program Files (x86)\JetBrains\IntelliJ IDEA 2016.3.4\bin"/>
    <property name="file.encoding" value="UTF-8"/>
    <property name="user.name" value="toma"/>
    <property name="java.class.path" value="C:\Program Files (x86)\JetBrains\IntelliJ IDEA 2016.3.4\plugins\maven\lib\maven3\boot\plexus-classworlds-2.5.2.jar;C:\Program Files (x86)\JetBrains\IntelliJ IDEA 2016.3.4\lib\idea_rt.jar"/>
    <property name="java.vm.specification.version" value="1.8"/>
    <property name="sun.arch.data.model" value="64"/>
    <property name="java.home" value="C:\Program Files\Java\jdk1.8.0_121\jre"/>
    <property name="sun.java.command" value="com.intellij.rt.execution.application.AppMain org.codehaus.classworlds.Launcher -Didea.version=2016.3.4 verify"/>
    <property name="java.specification.vendor" value="Oracle Corporation"/>
    <property name="user.language" value="en"/>
    <property name="user.language.format" value="nl"/>
    <property name="awt.toolkit" value="sun.awt.windows.WToolkit"/>
    <property name="java.vm.info" value="mixed mode"/>
    <property name="java.version" value="1.8.0_121"/>
    <property name="java.ext.dirs" value="C:\Program Files\Java\jdk1.8.0_121\jre\lib\ext;C:\windows\Sun\Java\lib\ext"/>
    <property name="sun.boot.class.path" value="C:\Program Files\Java\jdk1.8.0_121\jre\lib\resources.jar;C:\Program Files\Java\jdk1.8.0_121\jre\lib\rt.jar;C:\Program Files\Java\jdk1.8.0_121\jre\lib\sunrsasign.jar;C:\Program Files\Java\jdk1.8.0_121\jre\lib\jsse.jar;C:\Program Files\Java\jdk1.8.0_121\jre\lib\jce.jar;C:\Program Files\Java\jdk1.8.0_121\jre\lib\charsets.jar;C:\Program Files\Java\jdk1.8.0_121\jre\lib\jfr.jar;C:\Program Files\Java\jdk1.8.0_121\jre\classes"/>
    <property name="java.vendor" value="Oracle Corporation"/>
    <property name="maven.home" value="C:\Program Files (x86)\JetBrains\IntelliJ IDEA 2016.3.4\plugins\maven\lib\maven3"/>
    <property name="file.separator" value="\"/>
    <property name="java.vendor.url.bug" value="http://bugreport.sun.com/bugreport/"/>
    <property name="sun.cpu.endian" value="little"/>
    <property name="sun.io.unicode.encoding" value="UnicodeLittle"/>
    <property name="sun.desktop" value="windows"/>
    <property name="sun.cpu.isalist" value="amd64"/>
  </properties>
  <testcase name="BeforeStories" classname="java.lang.Object" time="0.031"/>
  <testcase name="Given &lt;trainer&gt; is qualified to give multiple courses" classname="courseka.at.TrainerReoccurrencesSteps" time="0.05"/>
  <testcase name="And it is &lt;month&gt;" classname="courseka.at.TrainerReoccurrencesSteps" time="0"/>
  <testcase name="When &lt;trainer&gt; gave &lt;numberOfClasses&gt; classes this month" classname="courseka.at.TrainerReoccurrencesSteps" time="0"/>
  <testcase name="Then &lt;trainer&gt; can still give &lt;numberOfClassesLeft&gt; classes this month" classname="courseka.at.TrainerReoccurrencesSteps" time="0"/>
  <testcase name="Given &lt;trainer&gt; is qualified to give multiple courses​" classname="courseka.at.TrainerReoccurrencesSteps" time="0"/>
  <testcase name="And it is &lt;month&gt;​" classname="courseka.at.TrainerReoccurrencesSteps" time="0.015"/>
  <testcase name="When &lt;trainer&gt; gave &lt;numberOfClasses&gt; classes this month​" classname="courseka.at.TrainerReoccurrencesSteps" time="0"/>
  <testcase name="Then &lt;trainer&gt; can still give &lt;numberOfClassesLeft&gt; classes this month​" classname="courseka.at.TrainerReoccurrencesSteps" time="0"/>
  <testcase name="Given &lt;trainer&gt; is qualified to give multiple courses​​" classname="courseka.at.TrainerReoccurrencesSteps" time="0"/>
  <testcase name="And it is &lt;month&gt;​​" classname="courseka.at.TrainerReoccurrencesSteps" time="0"/>
  <testcase name="When &lt;trainer&gt; gave &lt;numberOfClasses&gt; classes this month​​" classname="courseka.at.TrainerReoccurrencesSteps" time="0"/>
  <testcase name="Then &lt;trainer&gt; can still give &lt;numberOfClassesLeft&gt; classes this month​​" classname="courseka.at.TrainerReoccurrencesSteps" time="0"/>
  <testcase name="Given &lt;trainer&gt; is qualified to give multiple courses​​​" classname="courseka.at.TrainerReoccurrencesSteps" time="0"/>
  <testcase name="And it is &lt;month&gt;​​​" classname="courseka.at.TrainerReoccurrencesSteps" time="0"/>
  <testcase name="When &lt;trainer&gt; gave &lt;numberOfClasses&gt; classes this month​​​" classname="courseka.at.TrainerReoccurrencesSteps" time="0"/>
  <testcase name="Then &lt;trainer&gt; can still give &lt;numberOfClassesLeft&gt; classes this month​​​" classname="courseka.at.TrainerReoccurrencesSteps" time="0"/>
  <testcase name="Given &lt;trainer&gt; is qualified to give multiple courses​​​​" classname="courseka.at.TrainerReoccurrencesSteps" time="0"/>
  <testcase name="And it is &lt;month&gt;​​​​" classname="courseka.at.TrainerReoccurrencesSteps" time="0"/>
  <testcase name="When &lt;trainer&gt; gave &lt;numberOfClasses&gt; classes this month​​​​" classname="courseka.at.TrainerReoccurrencesSteps" time="0"/>
  <testcase name="Then &lt;trainer&gt; can still give &lt;numberOfClassesLeft&gt; classes this month​​​​" classname="courseka.at.TrainerReoccurrencesSteps" time="0"/>
  <testcase name="Scenario: normal month" classname="Scenario: normal month" time="0.016"/>
  <testcase name="Given &lt;trainer&gt; is qualified to give multiple courses​​​​​" classname="courseka.at.TrainerReoccurrencesSteps" time="0"/>
  <testcase name="And it is &lt;month&gt;​​​​​" classname="courseka.at.TrainerReoccurrencesSteps" time="0"/>
  <testcase name="When &lt;trainer&gt; gave &lt;numberOfClasses&gt; classes this month​​​​​" classname="courseka.at.TrainerReoccurrencesSteps" time="0"/>
  <testcase name="Then &lt;trainer&gt; can still give &lt;numberOfClassesLeft&gt; classes this month​​​​​" classname="courseka.at.TrainerReoccurrencesSteps" time="0.016"/>
  <testcase name="Given &lt;trainer&gt; is qualified to give multiple courses​​​​​​" classname="courseka.at.TrainerReoccurrencesSteps" time="0"/>
  <testcase name="And it is &lt;month&gt;​​​​​​" classname="courseka.at.TrainerReoccurrencesSteps" time="0"/>
  <testcase name="When &lt;trainer&gt; gave &lt;numberOfClasses&gt; classes this month​​​​​​" classname="courseka.at.TrainerReoccurrencesSteps" time="0"/>
  <testcase name="Then &lt;trainer&gt; can still give &lt;numberOfClassesLeft&gt; classes this month​​​​​​" classname="courseka.at.TrainerReoccurrencesSteps" time="0"/>
  <testcase name="Given &lt;trainer&gt; is qualified to give multiple courses​​​​​​​" classname="courseka.at.TrainerReoccurrencesSteps" time="0"/>
  <testcase name="And it is &lt;month&gt;​​​​​​​" classname="courseka.at.TrainerReoccurrencesSteps" time="0"/>
  <testcase name="When &lt;trainer&gt; gave &lt;numberOfClasses&gt; classes this month​​​​​​​" classname="courseka.at.TrainerReoccurrencesSteps" time="0"/>
  <testcase name="Then &lt;trainer&gt; can still give &lt;numberOfClassesLeft&gt; classes this month​​​​​​​" classname="courseka.at.TrainerReoccurrencesSteps" time="0"/>
  <testcase name="Given &lt;trainer&gt; is qualified to give multiple courses​​​​​​​​" classname="courseka.at.TrainerReoccurrencesSteps" time="0"/>
  <testcase name="And it is &lt;month&gt;​​​​​​​​" classname="courseka.at.TrainerReoccurrencesSteps" time="0"/>
  <testcase name="When &lt;trainer&gt; gave &lt;numberOfClasses&gt; classes this month​​​​​​​​" classname="courseka.at.TrainerReoccurrencesSteps" time="0"/>
  <testcase name="Then &lt;trainer&gt; can still give &lt;numberOfClassesLeft&gt; classes this month​​​​​​​​" classname="courseka.at.TrainerReoccurrencesSteps" time="0"/>
  <testcase name="Given &lt;trainer&gt; is qualified to give multiple courses​​​​​​​​​" classname="courseka.at.TrainerReoccurrencesSteps" time="0"/>
  <testcase name="And it is &lt;month&gt;​​​​​​​​​" classname="courseka.at.TrainerReoccurrencesSteps" time="0"/>
  <testcase name="When &lt;trainer&gt; gave &lt;numberOfClasses&gt; classes this month​​​​​​​​​" classname="courseka.at.TrainerReoccurrencesSteps" time="0"/>
  <testcase name="Then &lt;trainer&gt; can still give &lt;numberOfClassesLeft&gt; classes this month​​​​​​​​​" classname="courseka.at.TrainerReoccurrencesSteps" time="0"/>
  <testcase name="Scenario: february" classname="Scenario: february" time="0.016"/>
  <testcase name="Given &lt;trainer&gt; is qualified to give multiple courses​​​​​​​​​​" classname="courseka.at.TrainerReoccurrencesSteps" time="0.015"/>
  <testcase name="When the course duration is &lt;course_duration_in_days&gt;" classname="courseka.at.TrainerReoccurrencesSteps" time="0"/>
  <testcase name="And &lt;trainer&gt; gave &lt;numberOfClasses&gt; classes this month" classname="courseka.at.TrainerReoccurrencesSteps" time="0"/>
  <testcase name="Then &lt;trainer&gt; can still give &lt;numberOfClassesLeft&gt; classes this month​​​​​​​​​​" classname="courseka.at.TrainerReoccurrencesSteps" time="0"/>
  <testcase name="Given &lt;trainer&gt; is qualified to give multiple courses​​​​​​​​​​​" classname="courseka.at.TrainerReoccurrencesSteps" time="0.015"/>
  <testcase name="When the course duration is &lt;course_duration_in_days&gt;​" classname="courseka.at.TrainerReoccurrencesSteps" time="0"/>
  <testcase name="And &lt;trainer&gt; gave &lt;numberOfClasses&gt; classes this month​" classname="courseka.at.TrainerReoccurrencesSteps" time="0"/>
  <testcase name="Then &lt;trainer&gt; can still give &lt;numberOfClassesLeft&gt; classes this month​​​​​​​​​​​" classname="courseka.at.TrainerReoccurrencesSteps" time="0"/>
  <testcase name="Given &lt;trainer&gt; is qualified to give multiple courses​​​​​​​​​​​​" classname="courseka.at.TrainerReoccurrencesSteps" time="0.016"/>
  <testcase name="When the course duration is &lt;course_duration_in_days&gt;​​" classname="courseka.at.TrainerReoccurrencesSteps" time="0"/>
  <testcase name="And &lt;trainer&gt; gave &lt;numberOfClasses&gt; classes this month​​" classname="courseka.at.TrainerReoccurrencesSteps" time="0"/>
  <testcase name="Then &lt;trainer&gt; can still give &lt;numberOfClassesLeft&gt; classes this month​​​​​​​​​​​​" classname="courseka.at.TrainerReoccurrencesSteps" time="0"/>
  <testcase name="Given &lt;trainer&gt; is qualified to give multiple courses​​​​​​​​​​​​​" classname="courseka.at.TrainerReoccurrencesSteps" time="0"/>
  <testcase name="When the course duration is &lt;course_duration_in_days&gt;​​​" classname="courseka.at.TrainerReoccurrencesSteps" time="0"/>
  <testcase name="And &lt;trainer&gt; gave &lt;numberOfClasses&gt; classes this month​​​" classname="courseka.at.TrainerReoccurrencesSteps" time="0"/>
  <testcase name="Then &lt;trainer&gt; can still give &lt;numberOfClassesLeft&gt; classes this month​​​​​​​​​​​​​" classname="courseka.at.TrainerReoccurrencesSteps" time="0"/>
  <testcase name="Given &lt;trainer&gt; is qualified to give multiple courses​​​​​​​​​​​​​​" classname="courseka.at.TrainerReoccurrencesSteps" time="0"/>
  <testcase name="When the course duration is &lt;course_duration_in_days&gt;​​​​" classname="courseka.at.TrainerReoccurrencesSteps" time="0"/>
  <testcase name="And &lt;trainer&gt; gave &lt;numberOfClasses&gt; classes this month​​​​" classname="courseka.at.TrainerReoccurrencesSteps" time="0"/>
  <testcase name="Then &lt;trainer&gt; can still give &lt;numberOfClassesLeft&gt; classes this month​​​​​​​​​​​​​​" classname="courseka.at.TrainerReoccurrencesSteps" time="0"/>
  <testcase name="Scenario: the duration of a course influences the amount of courses one trainer can give in one month" classname="Scenario: the duration of a course influences the amount of courses one trainer can give in one month" time="0.016"/>
  <testcase name="Given &lt;trainer&gt; is qualified to give multiple courses​​​​​​​​​​​​​​​" classname="courseka.at.TrainerReoccurrencesSteps" time="0.031"/>
  <testcase name="When the trainer had &lt;holidays&gt; holidays this month" classname="courseka.at.TrainerReoccurrencesSteps" time="0"/>
  <testcase name="And the course duration is &lt;course_duration_in_days&gt;" classname="courseka.at.TrainerReoccurrencesSteps" time="0.018"/>
  <testcase name="And &lt;trainer&gt; gave &lt;numberOfClasses&gt; classes this month​​​​​" classname="courseka.at.TrainerReoccurrencesSteps" time="0.004"/>
  <testcase name="Then &lt;trainer&gt; can still give &lt;numberOfClassesLeft&gt; classes this month​​​​​​​​​​​​​​​" classname="courseka.at.TrainerReoccurrencesSteps" time="0.008"/>
  <testcase name="Given &lt;trainer&gt; is qualified to give multiple courses​​​​​​​​​​​​​​​​" classname="courseka.at.TrainerReoccurrencesSteps" time="0.012"/>
  <testcase name="When the trainer had &lt;holidays&gt; holidays this month​" classname="courseka.at.TrainerReoccurrencesSteps" time="0"/>
  <testcase name="And the course duration is &lt;course_duration_in_days&gt;​" classname="courseka.at.TrainerReoccurrencesSteps" time="0.004"/>
  <testcase name="And &lt;trainer&gt; gave &lt;numberOfClasses&gt; classes this month​​​​​​" classname="courseka.at.TrainerReoccurrencesSteps" time="0"/>
  <testcase name="Then &lt;trainer&gt; can still give &lt;numberOfClassesLeft&gt; classes this month​​​​​​​​​​​​​​​​" classname="courseka.at.TrainerReoccurrencesSteps" time="0"/>
  <testcase name="Given &lt;trainer&gt; is qualified to give multiple courses​​​​​​​​​​​​​​​​​" classname="courseka.at.TrainerReoccurrencesSteps" time="0.015"/>
  <testcase name="When the trainer had &lt;holidays&gt; holidays this month​​" classname="courseka.at.TrainerReoccurrencesSteps" time="0"/>
  <testcase name="And the course duration is &lt;course_duration_in_days&gt;​​" classname="courseka.at.TrainerReoccurrencesSteps" time="0.016"/>
  <testcase name="And &lt;trainer&gt; gave &lt;numberOfClasses&gt; classes this month​​​​​​​" classname="courseka.at.TrainerReoccurrencesSteps" time="0"/>
  <testcase name="Then &lt;trainer&gt; can still give &lt;numberOfClassesLeft&gt; classes this month​​​​​​​​​​​​​​​​​" classname="courseka.at.TrainerReoccurrencesSteps" time="0"/>
  <testcase name="Given &lt;trainer&gt; is qualified to give multiple courses​​​​​​​​​​​​​​​​​​" classname="courseka.at.TrainerReoccurrencesSteps" time="0"/>
  <testcase name="When the trainer had &lt;holidays&gt; holidays this month​​​" classname="courseka.at.TrainerReoccurrencesSteps" time="0"/>
  <testcase name="And the course duration is &lt;course_duration_in_days&gt;​​​" classname="courseka.at.TrainerReoccurrencesSteps" time="0"/>
  <testcase name="And &lt;trainer&gt; gave &lt;numberOfClasses&gt; classes this month​​​​​​​​" classname="courseka.at.TrainerReoccurrencesSteps" time="0"/>
  <testcase name="Then &lt;trainer&gt; can still give &lt;numberOfClassesLeft&gt; classes this month​​​​​​​​​​​​​​​​​​" classname="courseka.at.TrainerReoccurrencesSteps" time="0"/>
  <testcase name="Given &lt;trainer&gt; is qualified to give multiple courses​​​​​​​​​​​​​​​​​​​" classname="courseka.at.TrainerReoccurrencesSteps" time="0"/>
  <testcase name="When the trainer had &lt;holidays&gt; holidays this month​​​​" classname="courseka.at.TrainerReoccurrencesSteps" time="0"/>
  <testcase name="And the course duration is &lt;course_duration_in_days&gt;​​​​" classname="courseka.at.TrainerReoccurrencesSteps" time="0"/>
  <testcase name="And &lt;trainer&gt; gave &lt;numberOfClasses&gt; classes this month​​​​​​​​​" classname="courseka.at.TrainerReoccurrencesSteps" time="0"/>
  <testcase name="Then &lt;trainer&gt; can still give &lt;numberOfClassesLeft&gt; classes this month​​​​​​​​​​​​​​​​​​​" classname="courseka.at.TrainerReoccurrencesSteps" time="0"/>
  <testcase name="Given &lt;trainer&gt; is qualified to give multiple courses​​​​​​​​​​​​​​​​​​​​" classname="courseka.at.TrainerReoccurrencesSteps" time="0.016"/>
  <testcase name="When the trainer had &lt;holidays&gt; holidays this month​​​​​" classname="courseka.at.TrainerReoccurrencesSteps" time="0.015"/>
  <testcase name="And the course duration is &lt;course_duration_in_days&gt;​​​​​" classname="courseka.at.TrainerReoccurrencesSteps" time="0"/>
  <testcase name="And &lt;trainer&gt; gave &lt;numberOfClasses&gt; classes this month​​​​​​​​​​" classname="courseka.at.TrainerReoccurrencesSteps" time="0"/>
  <testcase name="Then &lt;trainer&gt; can still give &lt;numberOfClassesLeft&gt; classes this month​​​​​​​​​​​​​​​​​​​​" classname="courseka.at.TrainerReoccurrencesSteps" time="0"/>
  <testcase name="Given &lt;trainer&gt; is qualified to give multiple courses​​​​​​​​​​​​​​​​​​​​​" classname="courseka.at.TrainerReoccurrencesSteps" time="0"/>
  <testcase name="When the trainer had &lt;holidays&gt; holidays this month​​​​​​" classname="courseka.at.TrainerReoccurrencesSteps" time="0.016"/>
  <testcase name="And the course duration is &lt;course_duration_in_days&gt;​​​​​​" classname="courseka.at.TrainerReoccurrencesSteps" time="0"/>
  <testcase name="And &lt;trainer&gt; gave &lt;numberOfClasses&gt; classes this month​​​​​​​​​​​" classname="courseka.at.TrainerReoccurrencesSteps" time="0"/>
  <testcase name="Then &lt;trainer&gt; can still give &lt;numberOfClassesLeft&gt; classes this month​​​​​​​​​​​​​​​​​​​​​" classname="courseka.at.TrainerReoccurrencesSteps" time="0"/>
  <testcase name="Given &lt;trainer&gt; is qualified to give multiple courses​​​​​​​​​​​​​​​​​​​​​​" classname="courseka.at.TrainerReoccurrencesSteps" time="0"/>
  <testcase name="When the trainer had &lt;holidays&gt; holidays this month​​​​​​​" classname="courseka.at.TrainerReoccurrencesSteps" time="0.015"/>
  <testcase name="And the course duration is &lt;course_duration_in_days&gt;​​​​​​​" classname="courseka.at.TrainerReoccurrencesSteps" time="0"/>
  <testcase name="And &lt;trainer&gt; gave &lt;numberOfClasses&gt; classes this month​​​​​​​​​​​​" classname="courseka.at.TrainerReoccurrencesSteps" time="0"/>
  <testcase name="Then &lt;trainer&gt; can still give &lt;numberOfClassesLeft&gt; classes this month​​​​​​​​​​​​​​​​​​​​​​" classname="courseka.at.TrainerReoccurrencesSteps" time="0.016"/>
  <testcase name="Given &lt;trainer&gt; is qualified to give multiple courses​​​​​​​​​​​​​​​​​​​​​​​" classname="courseka.at.TrainerReoccurrencesSteps" time="0"/>
  <testcase name="When the trainer had &lt;holidays&gt; holidays this month​​​​​​​​" classname="courseka.at.TrainerReoccurrencesSteps" time="0.016"/>
  <testcase name="And the course duration is &lt;course_duration_in_days&gt;​​​​​​​​" classname="courseka.at.TrainerReoccurrencesSteps" time="0"/>
  <testcase name="And &lt;trainer&gt; gave &lt;numberOfClasses&gt; classes this month​​​​​​​​​​​​​" classname="courseka.at.TrainerReoccurrencesSteps" time="0"/>
  <testcase name="Then &lt;trainer&gt; can still give &lt;numberOfClassesLeft&gt; classes this month​​​​​​​​​​​​​​​​​​​​​​​" classname="courseka.at.TrainerReoccurrencesSteps" time="0"/>
  <testcase name="Given &lt;trainer&gt; is qualified to give multiple courses​​​​​​​​​​​​​​​​​​​​​​​​" classname="courseka.at.TrainerReoccurrencesSteps" time="0"/>
  <testcase name="When the trainer had &lt;holidays&gt; holidays this month​​​​​​​​​" classname="courseka.at.TrainerReoccurrencesSteps" time="0.016"/>
  <testcase name="And the course duration is &lt;course_duration_in_days&gt;​​​​​​​​​" classname="courseka.at.TrainerReoccurrencesSteps" time="0"/>
  <testcase name="And &lt;trainer&gt; gave &lt;numberOfClasses&gt; classes this month​​​​​​​​​​​​​​" classname="courseka.at.TrainerReoccurrencesSteps" time="0"/>
  <testcase name="Then &lt;trainer&gt; can still give &lt;numberOfClassesLeft&gt; classes this month​​​​​​​​​​​​​​​​​​​​​​​​" classname="courseka.at.TrainerReoccurrencesSteps" time="0"/>
  <testcase name="Given &lt;trainer&gt; is qualified to give multiple courses​​​​​​​​​​​​​​​​​​​​​​​​​" classname="courseka.at.TrainerReoccurrencesSteps" time="0"/>
  <testcase name="When the trainer had &lt;holidays&gt; holidays this month​​​​​​​​​​" classname="courseka.at.TrainerReoccurrencesSteps" time="0.016"/>
  <testcase name="And the course duration is &lt;course_duration_in_days&gt;​​​​​​​​​​" classname="courseka.at.TrainerReoccurrencesSteps" time="0.015"/>
  <testcase name="And &lt;trainer&gt; gave &lt;numberOfClasses&gt; classes this month​​​​​​​​​​​​​​​" classname="courseka.at.TrainerReoccurrencesSteps" time="0"/>
  <testcase name="Then &lt;trainer&gt; can still give &lt;numberOfClassesLeft&gt; classes this month​​​​​​​​​​​​​​​​​​​​​​​​​" classname="courseka.at.TrainerReoccurrencesSteps" time="0.016"/>
  <testcase name="Given &lt;trainer&gt; is qualified to give multiple courses​​​​​​​​​​​​​​​​​​​​​​​​​​" classname="courseka.at.TrainerReoccurrencesSteps" time="0.016"/>
  <testcase name="When the trainer had &lt;holidays&gt; holidays this month​​​​​​​​​​​" classname="courseka.at.TrainerReoccurrencesSteps" time="0.015"/>
  <testcase name="And the course duration is &lt;course_duration_in_days&gt;​​​​​​​​​​​" classname="courseka.at.TrainerReoccurrencesSteps" time="0"/>
  <testcase name="And &lt;trainer&gt; gave &lt;numberOfClasses&gt; classes this month​​​​​​​​​​​​​​​​" classname="courseka.at.TrainerReoccurrencesSteps" time="0"/>
  <testcase name="Then &lt;trainer&gt; can still give &lt;numberOfClassesLeft&gt; classes this month​​​​​​​​​​​​​​​​​​​​​​​​​​" classname="courseka.at.TrainerReoccurrencesSteps" time="0.016"/>
  <testcase name="Given &lt;trainer&gt; is qualified to give multiple courses​​​​​​​​​​​​​​​​​​​​​​​​​​​" classname="courseka.at.TrainerReoccurrencesSteps" time="0"/>
  <testcase name="When the trainer had &lt;holidays&gt; holidays this month​​​​​​​​​​​​" classname="courseka.at.TrainerReoccurrencesSteps" time="0"/>
  <testcase name="And the course duration is &lt;course_duration_in_days&gt;​​​​​​​​​​​​" classname="courseka.at.TrainerReoccurrencesSteps" time="0"/>
  <testcase name="And &lt;trainer&gt; gave &lt;numberOfClasses&gt; classes this month​​​​​​​​​​​​​​​​​" classname="courseka.at.TrainerReoccurrencesSteps" time="0"/>
  <testcase name="Then &lt;trainer&gt; can still give &lt;numberOfClassesLeft&gt; classes this month​​​​​​​​​​​​​​​​​​​​​​​​​​​" classname="courseka.at.TrainerReoccurrencesSteps" time="0"/>
  <testcase name="Given &lt;trainer&gt; is qualified to give multiple courses​​​​​​​​​​​​​​​​​​​​​​​​​​​​" classname="courseka.at.TrainerReoccurrencesSteps" time="0"/>
  <testcase name="When the trainer had &lt;holidays&gt; holidays this month​​​​​​​​​​​​​" classname="courseka.at.TrainerReoccurrencesSteps" time="0"/>
  <testcase name="And the course duration is &lt;course_duration_in_days&gt;​​​​​​​​​​​​​" classname="courseka.at.TrainerReoccurrencesSteps" time="0"/>
  <testcase name="And &lt;trainer&gt; gave &lt;numberOfClasses&gt; classes this month​​​​​​​​​​​​​​​​​​" classname="courseka.at.TrainerReoccurrencesSteps" time="0.016"/>
  <testcase name="Then &lt;trainer&gt; can still give &lt;numberOfClassesLeft&gt; classes this month​​​​​​​​​​​​​​​​​​​​​​​​​​​​" classname="courseka.at.TrainerReoccurrencesSteps" time="0"/>
  <testcase name="Given &lt;trainer&gt; is qualified to give multiple courses​​​​​​​​​​​​​​​​​​​​​​​​​​​​​" classname="courseka.at.TrainerReoccurrencesSteps" time="0"/>
  <testcase name="When the trainer had &lt;holidays&gt; holidays this month​​​​​​​​​​​​​​" classname="courseka.at.TrainerReoccurrencesSteps" time="0.016"/>
  <testcase name="And the course duration is &lt;course_duration_in_days&gt;​​​​​​​​​​​​​​" classname="courseka.at.TrainerReoccurrencesSteps" time="0"/>
  <testcase name="And &lt;trainer&gt; gave &lt;numberOfClasses&gt; classes this month​​​​​​​​​​​​​​​​​​​" classname="courseka.at.TrainerReoccurrencesSteps" time="0"/>
  <testcase name="Then &lt;trainer&gt; can still give &lt;numberOfClassesLeft&gt; classes this month​​​​​​​​​​​​​​​​​​​​​​​​​​​​​" classname="courseka.at.TrainerReoccurrencesSteps" time="0"/>
  <testcase name="Scenario: holidays" classname="Scenario: holidays" time="0.016"/>
  <testcase name="trainer_reoccurrences.story" classname="trainer_reoccurrences.story" time="0.031"/>
  <testcase name="Given the trainings manager wants to select &lt;trainer1&gt; and &lt;trainer2&gt; for a class" classname="courseka.at.TrainerCouplesSteps" time="0"/>
  <testcase name="And &lt;numberOfTrainers&gt; qualified trainers from other projects are available" classname="courseka.at.TrainerCouplesSteps" time="0"/>
  <testcase name="When &lt;trainer1&gt; works on &lt;trainer1Project&gt;" classname="courseka.at.TrainerCouplesSteps" time="0"/>
  <testcase name="And &lt;trainer2&gt; works on &lt;trainer2Project&gt;" classname="courseka.at.TrainerCouplesSteps" time="0"/>
  <testcase name="Then these trainers are &lt;allowedStatus&gt;" classname="courseka.at.TrainerCouplesSteps" time="0.015"/>
  <testcase name="Given the trainings manager wants to select &lt;trainer1&gt; and &lt;trainer2&gt; for a class​" classname="courseka.at.TrainerCouplesSteps" time="0"/>
  <testcase name="And &lt;numberOfTrainers&gt; qualified trainers from other projects are available​" classname="courseka.at.TrainerCouplesSteps" time="0.016"/>
  <testcase name="When &lt;trainer1&gt; works on &lt;trainer1Project&gt;​" classname="courseka.at.TrainerCouplesSteps" time="0"/>
  <testcase name="And &lt;trainer2&gt; works on &lt;trainer2Project&gt;​" classname="courseka.at.TrainerCouplesSteps" time="0"/>
  <testcase name="Then these trainers are &lt;allowedStatus&gt;​" classname="courseka.at.TrainerCouplesSteps" time="0"/>
  <testcase name="Given the trainings manager wants to select &lt;trainer1&gt; and &lt;trainer2&gt; for a class​​" classname="courseka.at.TrainerCouplesSteps" time="0"/>
  <testcase name="And &lt;numberOfTrainers&gt; qualified trainers from other projects are available​​" classname="courseka.at.TrainerCouplesSteps" time="0"/>
  <testcase name="When &lt;trainer1&gt; works on &lt;trainer1Project&gt;​​" classname="courseka.at.TrainerCouplesSteps" time="0"/>
  <testcase name="And &lt;trainer2&gt; works on &lt;trainer2Project&gt;​​" classname="courseka.at.TrainerCouplesSteps" time="0"/>
  <testcase name="Then these trainers are &lt;allowedStatus&gt;​​" classname="courseka.at.TrainerCouplesSteps" time="0.015"/>
  <testcase name="Given the trainings manager wants to select &lt;trainer1&gt; and &lt;trainer2&gt; for a class​​​" classname="courseka.at.TrainerCouplesSteps" time="0"/>
  <testcase name="And &lt;numberOfTrainers&gt; qualified trainers from other projects are available​​​" classname="courseka.at.TrainerCouplesSteps" time="0"/>
  <testcase name="When &lt;trainer1&gt; works on &lt;trainer1Project&gt;​​​" classname="courseka.at.TrainerCouplesSteps" time="0.031"/>
  <testcase name="And &lt;trainer2&gt; works on &lt;trainer2Project&gt;​​​" classname="courseka.at.TrainerCouplesSteps" time="0.016"/>
  <testcase name="Then these trainers are &lt;allowedStatus&gt;​​​" classname="courseka.at.TrainerCouplesSteps" time="0"/>
  <testcase name="Scenario: many trainers are available" classname="Scenario: many trainers are available" time="0"/>
  <testcase name="Given the trainings manager wants to select &lt;trainer1&gt; and &lt;trainer2&gt; for a class​​​​" classname="courseka.at.TrainerCouplesSteps" time="0"/>
  <testcase name="And &lt;numberOfTrainers&gt; qualified trainers from other projects are available​​​​" classname="courseka.at.TrainerCouplesSteps" time="0"/>
  <testcase name="When &lt;trainer1&gt; works on &lt;trainer1Project&gt;​​​​" classname="courseka.at.TrainerCouplesSteps" time="0"/>
  <testcase name="And &lt;trainer2&gt; works on &lt;trainer2Project&gt;​​​​" classname="courseka.at.TrainerCouplesSteps" time="0"/>
  <testcase name="Then these trainers are &lt;allowedStatus&gt;​​​​" classname="courseka.at.TrainerCouplesSteps" time="0.016"/>
  <testcase name="Given the trainings manager wants to select &lt;trainer1&gt; and &lt;trainer2&gt; for a class​​​​​" classname="courseka.at.TrainerCouplesSteps" time="0.015"/>
  <testcase name="And &lt;numberOfTrainers&gt; qualified trainers from other projects are available​​​​​" classname="courseka.at.TrainerCouplesSteps" time="0"/>
  <testcase name="When &lt;trainer1&gt; works on &lt;trainer1Project&gt;​​​​​" classname="courseka.at.TrainerCouplesSteps" time="0"/>
  <testcase name="And &lt;trainer2&gt; works on &lt;trainer2Project&gt;​​​​​" classname="courseka.at.TrainerCouplesSteps" time="0"/>
  <testcase name="Then these trainers are &lt;allowedStatus&gt;​​​​​" classname="courseka.at.TrainerCouplesSteps" time="0.016"/>
  <testcase name="Scenario: only qualified trainers from the same project are available" classname="Scenario: only qualified trainers from the same project are available" time="0.016"/>
  <testcase name="trainer_couples.story" classname="trainer_couples.story" time="0.016"/>
  <testcase name="Given the trainer has a status &lt;status&gt;" classname="courseka.at.TrainerAvailabilitySteps" time="0.004"/>
  <testcase name="When many trainers are qualified to give this course" classname="courseka.at.TrainerAvailabilitySteps" time="0"/>
  <testcase name="Then the trainer availability is &lt;availability&gt;" classname="courseka.at.TrainerAvailabilitySteps" time="0.004"/>
  <testcase name="And the action should be &lt;action&gt;" classname="courseka.at.TrainerAvailabilitySteps" time="0.004"/>
  <testcase name="Given the trainer has a status &lt;status&gt;​" classname="courseka.at.TrainerAvailabilitySteps" time="0"/>
  <testcase name="When many trainers are qualified to give this course​" classname="courseka.at.TrainerAvailabilitySteps" time="0.004"/>
  <testcase name="Then the trainer availability is &lt;availability&gt;​" classname="courseka.at.TrainerAvailabilitySteps" time="0"/>
  <testcase name="And the action should be &lt;action&gt;​" classname="courseka.at.TrainerAvailabilitySteps" time="0"/>
  <testcase name="Given the trainer has a status &lt;status&gt;​​" classname="courseka.at.TrainerAvailabilitySteps" time="0.004"/>
  <testcase name="When many trainers are qualified to give this course​​" classname="courseka.at.TrainerAvailabilitySteps" time="0"/>
  <testcase name="Then the trainer availability is &lt;availability&gt;​​" classname="courseka.at.TrainerAvailabilitySteps" time="0"/>
  <testcase name="And the action should be &lt;action&gt;​​" classname="courseka.at.TrainerAvailabilitySteps" time="0.008"/>
  <testcase name="Given the trainer has a status &lt;status&gt;​​​" classname="courseka.at.TrainerAvailabilitySteps" time="0.004"/>
  <testcase name="When many trainers are qualified to give this course​​​" classname="courseka.at.TrainerAvailabilitySteps" time="0"/>
  <testcase name="Then the trainer availability is &lt;availability&gt;​​​" classname="courseka.at.TrainerAvailabilitySteps" time="0.004"/>
  <testcase name="And the action should be &lt;action&gt;​​​" classname="courseka.at.TrainerAvailabilitySteps" time="0.004"/>
  <testcase name="Scenario: &gt;= 1 day training and many trainers are qualified" classname="Scenario: &gt;= 1 day training and many trainers are qualified" time="0.01"/>
  <testcase name="Given the trainer has a status &lt;status&gt;​​​​" classname="courseka.at.TrainerAvailabilitySteps" time="0.016"/>
  <testcase name="When many trainers are qualified to give this course​​​​" classname="courseka.at.TrainerAvailabilitySteps" time="0"/>
  <testcase name="Then the trainer availability is &lt;availability&gt;​​​​" classname="courseka.at.TrainerAvailabilitySteps" time="0"/>
  <testcase name="And the action should be &lt;action&gt;​​​​" classname="courseka.at.TrainerAvailabilitySteps" time="0"/>
  <testcase name="Given the trainer has a status &lt;status&gt;​​​​​" classname="courseka.at.TrainerAvailabilitySteps" time="0"/>
  <testcase name="When many trainers are qualified to give this course​​​​​" classname="courseka.at.TrainerAvailabilitySteps" time="0"/>
  <testcase name="Then the trainer availability is &lt;availability&gt;​​​​​" classname="courseka.at.TrainerAvailabilitySteps" time="0"/>
  <testcase name="And the action should be &lt;action&gt;​​​​​" classname="courseka.at.TrainerAvailabilitySteps" time="0"/>
  <testcase name="Given the trainer has a status &lt;status&gt;​​​​​​" classname="courseka.at.TrainerAvailabilitySteps" time="0.016"/>
  <testcase name="When many trainers are qualified to give this course​​​​​​" classname="courseka.at.TrainerAvailabilitySteps" time="0"/>
  <testcase name="Then the trainer availability is &lt;availability&gt;​​​​​​" classname="courseka.at.TrainerAvailabilitySteps" time="0"/>
  <testcase name="And the action should be &lt;action&gt;​​​​​​" classname="courseka.at.TrainerAvailabilitySteps" time="0"/>
  <testcase name="Given the trainer has a status &lt;status&gt;​​​​​​​" classname="courseka.at.TrainerAvailabilitySteps" time="0"/>
  <testcase name="When many trainers are qualified to give this course​​​​​​​" classname="courseka.at.TrainerAvailabilitySteps" time="0"/>
  <testcase name="Then the trainer availability is &lt;availability&gt;​​​​​​​" classname="courseka.at.TrainerAvailabilitySteps" time="0.016"/>
  <testcase name="And the action should be &lt;action&gt;​​​​​​​" classname="courseka.at.TrainerAvailabilitySteps" time="0"/>
  <testcase name="Scenario: &lt;= 0.5 day training and many trainers are qualified" classname="Scenario: &lt;= 0.5 day training and many trainers are qualified" time="0"/>
  <testcase name="Given the trainer has a status &lt;status&gt;​​​​​​​​" classname="courseka.at.TrainerAvailabilitySteps" time="0"/>
  <testcase name="And only two trainers are qualified to give this course" classname="courseka.at.TrainerAvailabilitySteps" time="0"/>
  <testcase name="And the trainer availability is &lt;availability&gt;" classname="courseka.at.TrainerAvailabilitySteps" time="0"/>
  <testcase name="When the action is &lt;action&gt;" classname="courseka.at.TrainerAvailabilitySteps" time="0.016"/>
  <testcase name="And the trainer response is &lt;response&gt;" classname="courseka.at.TrainerAvailabilitySteps" time="0"/>
  <testcase name="Then the new action is &lt;new_action&gt;" classname="courseka.at.TrainerAvailabilitySteps" time="0"/>
  <testcase name="Given the trainer has a status &lt;status&gt;​​​​​​​​​" classname="courseka.at.TrainerAvailabilitySteps" time="0"/>
  <testcase name="And only two trainers are qualified to give this course​" classname="courseka.at.TrainerAvailabilitySteps" time="0.016"/>
  <testcase name="And the trainer availability is &lt;availability&gt;​" classname="courseka.at.TrainerAvailabilitySteps" time="0"/>
  <testcase name="When the action is &lt;action&gt;​" classname="courseka.at.TrainerAvailabilitySteps" time="0"/>
  <testcase name="And the trainer response is &lt;response&gt;​" classname="courseka.at.TrainerAvailabilitySteps" time="0"/>
  <testcase name="Then the new action is &lt;new_action&gt;​" classname="courseka.at.TrainerAvailabilitySteps" time="0"/>
  <testcase name="Given the trainer has a status &lt;status&gt;​​​​​​​​​​" classname="courseka.at.TrainerAvailabilitySteps" time="0"/>
  <testcase name="And only two trainers are qualified to give this course​​" classname="courseka.at.TrainerAvailabilitySteps" time="0"/>
  <testcase name="And the trainer availability is &lt;availability&gt;​​" classname="courseka.at.TrainerAvailabilitySteps" time="0"/>
  <testcase name="When the action is &lt;action&gt;​​" classname="courseka.at.TrainerAvailabilitySteps" time="0"/>
  <testcase name="And the trainer response is &lt;response&gt;​​" classname="courseka.at.TrainerAvailabilitySteps" time="0"/>
  <testcase name="Then the new action is &lt;new_action&gt;​​" classname="courseka.at.TrainerAvailabilitySteps" time="0"/>
  <testcase name="Given the trainer has a status &lt;status&gt;​​​​​​​​​​​" classname="courseka.at.TrainerAvailabilitySteps" time="0"/>
  <testcase name="And only two trainers are qualified to give this course​​​" classname="courseka.at.TrainerAvailabilitySteps" time="0"/>
  <testcase name="And the trainer availability is &lt;availability&gt;​​​" classname="courseka.at.TrainerAvailabilitySteps" time="0"/>
  <testcase name="When the action is &lt;action&gt;​​​" classname="courseka.at.TrainerAvailabilitySteps" time="0"/>
  <testcase name="And the trainer response is &lt;response&gt;​​​" classname="courseka.at.TrainerAvailabilitySteps" time="0"/>
  <testcase name="Then the new action is &lt;new_action&gt;​​​" classname="courseka.at.TrainerAvailabilitySteps" time="0"/>
  <testcase name="Given the trainer has a status &lt;status&gt;​​​​​​​​​​​​" classname="courseka.at.TrainerAvailabilitySteps" time="0"/>
  <testcase name="And only two trainers are qualified to give this course​​​​" classname="courseka.at.TrainerAvailabilitySteps" time="0"/>
  <testcase name="And the trainer availability is &lt;availability&gt;​​​​" classname="courseka.at.TrainerAvailabilitySteps" time="0"/>
  <testcase name="When the action is &lt;action&gt;​​​​" classname="courseka.at.TrainerAvailabilitySteps" time="0"/>
  <testcase name="And the trainer response is &lt;response&gt;​​​​" classname="courseka.at.TrainerAvailabilitySteps" time="0"/>
  <testcase name="Then the new action is &lt;new_action&gt;​​​​" classname="courseka.at.TrainerAvailabilitySteps" time="0"/>
  <testcase name="Given the trainer has a status &lt;status&gt;​​​​​​​​​​​​​" classname="courseka.at.TrainerAvailabilitySteps" time="0"/>
  <testcase name="And only two trainers are qualified to give this course​​​​​" classname="courseka.at.TrainerAvailabilitySteps" time="0"/>
  <testcase name="And the trainer availability is &lt;availability&gt;​​​​​" classname="courseka.at.TrainerAvailabilitySteps" time="0.016"/>
  <testcase name="When the action is &lt;action&gt;​​​​​" classname="courseka.at.TrainerAvailabilitySteps" time="0.015"/>
  <testcase name="And the trainer response is &lt;response&gt;​​​​​" classname="courseka.at.TrainerAvailabilitySteps" time="0"/>
  <testcase name="Then the new action is &lt;new_action&gt;​​​​​" classname="courseka.at.TrainerAvailabilitySteps" time="0"/>
  <testcase name="Given the trainer has a status &lt;status&gt;​​​​​​​​​​​​​​" classname="courseka.at.TrainerAvailabilitySteps" time="0"/>
  <testcase name="And only two trainers are qualified to give this course​​​​​​" classname="courseka.at.TrainerAvailabilitySteps" time="0"/>
  <testcase name="And the trainer availability is &lt;availability&gt;​​​​​​" classname="courseka.at.TrainerAvailabilitySteps" time="0"/>
  <testcase name="When the action is &lt;action&gt;​​​​​​" classname="courseka.at.TrainerAvailabilitySteps" time="0.016"/>
  <testcase name="And the trainer response is &lt;response&gt;​​​​​​" classname="courseka.at.TrainerAvailabilitySteps" time="0"/>
  <testcase name="Then the new action is &lt;new_action&gt;​​​​​​" classname="courseka.at.TrainerAvailabilitySteps" time="0"/>
  <testcase name="Given the trainer has a status &lt;status&gt;​​​​​​​​​​​​​​​" classname="courseka.at.TrainerAvailabilitySteps" time="0"/>
  <testcase name="And only two trainers are qualified to give this course​​​​​​​" classname="courseka.at.TrainerAvailabilitySteps" time="0"/>
  <testcase name="And the trainer availability is &lt;availability&gt;​​​​​​​" classname="courseka.at.TrainerAvailabilitySteps" time="0"/>
  <testcase name="When the action is &lt;action&gt;​​​​​​​" classname="courseka.at.TrainerAvailabilitySteps" time="0"/>
  <testcase name="And the trainer response is &lt;response&gt;​​​​​​​" classname="courseka.at.TrainerAvailabilitySteps" time="0"/>
  <testcase name="Then the new action is &lt;new_action&gt;​​​​​​​" classname="courseka.at.TrainerAvailabilitySteps" time="0"/>
  <testcase name="Scenario: &gt;= 1 day training and only two trainers are qualified" classname="Scenario: &gt;= 1 day training and only two trainers are qualified" time="0.008"/>
  <testcase name="Given the trainer has a status &lt;status&gt;​​​​​​​​​​​​​​​​" classname="courseka.at.TrainerAvailabilitySteps" time="0.004"/>
  <testcase name="And only two trainers are qualified to give this course​​​​​​​​" classname="courseka.at.TrainerAvailabilitySteps" time="0"/>
  <testcase name="And the trainer availability is &lt;availability&gt;​​​​​​​​" classname="courseka.at.TrainerAvailabilitySteps" time="0"/>
  <testcase name="When the answer to is the trainer available on another moment this day is &lt;available_on_another_moment_this_day&gt;" classname="courseka.at.TrainerAvailabilitySteps" time="0.004"/>
  <testcase name="And the action is &lt;action&gt;" classname="courseka.at.TrainerAvailabilitySteps" time="0"/>
  <testcase name="And the trainer response is &lt;response&gt;​​​​​​​​" classname="courseka.at.TrainerAvailabilitySteps" time="0.005"/>
  <testcase name="Then the new action is &lt;new_action&gt;​​​​​​​​" classname="courseka.at.TrainerAvailabilitySteps" time="0"/>
  <testcase name="Given the trainer has a status &lt;status&gt;​​​​​​​​​​​​​​​​​" classname="courseka.at.TrainerAvailabilitySteps" time="0"/>
  <testcase name="And only two trainers are qualified to give this course​​​​​​​​​" classname="courseka.at.TrainerAvailabilitySteps" time="0"/>
  <testcase name="And the trainer availability is &lt;availability&gt;​​​​​​​​​" classname="courseka.at.TrainerAvailabilitySteps" time="0"/>
  <testcase name="When the answer to is the trainer available on another moment this day is &lt;available_on_another_moment_this_day&gt;​" classname="courseka.at.TrainerAvailabilitySteps" time="0"/>
  <testcase name="And the action is &lt;action&gt;​" classname="courseka.at.TrainerAvailabilitySteps" time="0"/>
  <testcase name="And the trainer response is &lt;response&gt;​​​​​​​​​" classname="courseka.at.TrainerAvailabilitySteps" time="0"/>
  <testcase name="Then the new action is &lt;new_action&gt;​​​​​​​​​" classname="courseka.at.TrainerAvailabilitySteps" time="0"/>
  <testcase name="Given the trainer has a status &lt;status&gt;​​​​​​​​​​​​​​​​​​" classname="courseka.at.TrainerAvailabilitySteps" time="0"/>
  <testcase name="And only two trainers are qualified to give this course​​​​​​​​​​" classname="courseka.at.TrainerAvailabilitySteps" time="0"/>
  <testcase name="And the trainer availability is &lt;availability&gt;​​​​​​​​​​" classname="courseka.at.TrainerAvailabilitySteps" time="0"/>
  <testcase name="When the answer to is the trainer available on another moment this day is &lt;available_on_another_moment_this_day&gt;​​" classname="courseka.at.TrainerAvailabilitySteps" time="0"/>
  <testcase name="And the action is &lt;action&gt;​​" classname="courseka.at.TrainerAvailabilitySteps" time="0"/>
  <testcase name="And the trainer response is &lt;response&gt;​​​​​​​​​​" classname="courseka.at.TrainerAvailabilitySteps" time="0"/>
  <testcase name="Then the new action is &lt;new_action&gt;​​​​​​​​​​" classname="courseka.at.TrainerAvailabilitySteps" time="0"/>
  <testcase name="Given the trainer has a status &lt;status&gt;​​​​​​​​​​​​​​​​​​​" classname="courseka.at.TrainerAvailabilitySteps" time="0"/>
  <testcase name="And only two trainers are qualified to give this course​​​​​​​​​​​" classname="courseka.at.TrainerAvailabilitySteps" time="0"/>
  <testcase name="And the trainer availability is &lt;availability&gt;​​​​​​​​​​​" classname="courseka.at.TrainerAvailabilitySteps" time="0"/>
  <testcase name="When the answer to is the trainer available on another moment this day is &lt;available_on_another_moment_this_day&gt;​​​" classname="courseka.at.TrainerAvailabilitySteps" time="0"/>
  <testcase name="And the action is &lt;action&gt;​​​" classname="courseka.at.TrainerAvailabilitySteps" time="0.016"/>
  <testcase name="And the trainer response is &lt;response&gt;​​​​​​​​​​​" classname="courseka.at.TrainerAvailabilitySteps" time="0"/>
  <testcase name="Then the new action is &lt;new_action&gt;​​​​​​​​​​​" classname="courseka.at.TrainerAvailabilitySteps" time="0"/>
  <testcase name="Given the trainer has a status &lt;status&gt;​​​​​​​​​​​​​​​​​​​​" classname="courseka.at.TrainerAvailabilitySteps" time="0"/>
  <testcase name="And only two trainers are qualified to give this course​​​​​​​​​​​​" classname="courseka.at.TrainerAvailabilitySteps" time="0"/>
  <testcase name="And the trainer availability is &lt;availability&gt;​​​​​​​​​​​​" classname="courseka.at.TrainerAvailabilitySteps" time="0"/>
  <testcase name="When the answer to is the trainer available on another moment this day is &lt;available_on_another_moment_this_day&gt;​​​​" classname="courseka.at.TrainerAvailabilitySteps" time="0"/>
  <testcase name="And the action is &lt;action&gt;​​​​" classname="courseka.at.TrainerAvailabilitySteps" time="0"/>
  <testcase name="And the trainer response is &lt;response&gt;​​​​​​​​​​​​" classname="courseka.at.TrainerAvailabilitySteps" time="0"/>
  <testcase name="Then the new action is &lt;new_action&gt;​​​​​​​​​​​​" classname="courseka.at.TrainerAvailabilitySteps" time="0.016"/>
  <testcase name="Given the trainer has a status &lt;status&gt;​​​​​​​​​​​​​​​​​​​​​" classname="courseka.at.TrainerAvailabilitySteps" time="0"/>
  <testcase name="And only two trainers are qualified to give this course​​​​​​​​​​​​​" classname="courseka.at.TrainerAvailabilitySteps" time="0"/>
  <testcase name="And the trainer availability is &lt;availability&gt;​​​​​​​​​​​​​" classname="courseka.at.TrainerAvailabilitySteps" time="0"/>
  <testcase name="When the answer to is the trainer available on another moment this day is &lt;available_on_another_moment_this_day&gt;​​​​​" classname="courseka.at.TrainerAvailabilitySteps" time="0"/>
  <testcase name="And the action is &lt;action&gt;​​​​​" classname="courseka.at.TrainerAvailabilitySteps" time="0"/>
  <testcase name="And the trainer response is &lt;response&gt;​​​​​​​​​​​​​" classname="courseka.at.TrainerAvailabilitySteps" time="0"/>
  <testcase name="Then the new action is &lt;new_action&gt;​​​​​​​​​​​​​" classname="courseka.at.TrainerAvailabilitySteps" time="0"/>
  <testcase name="Given the trainer has a status &lt;status&gt;​​​​​​​​​​​​​​​​​​​​​​" classname="courseka.at.TrainerAvailabilitySteps" time="0"/>
  <testcase name="And only two trainers are qualified to give this course​​​​​​​​​​​​​​" classname="courseka.at.TrainerAvailabilitySteps" time="0"/>
  <testcase name="And the trainer availability is &lt;availability&gt;​​​​​​​​​​​​​​" classname="courseka.at.TrainerAvailabilitySteps" time="0"/>
  <testcase name="When the answer to is the trainer available on another moment this day is &lt;available_on_another_moment_this_day&gt;​​​​​​" classname="courseka.at.TrainerAvailabilitySteps" time="0"/>
  <testcase name="And the action is &lt;action&gt;​​​​​​" classname="courseka.at.TrainerAvailabilitySteps" time="0"/>
  <testcase name="And the trainer response is &lt;response&gt;​​​​​​​​​​​​​​" classname="courseka.at.TrainerAvailabilitySteps" time="0"/>
  <testcase name="Then the new action is &lt;new_action&gt;​​​​​​​​​​​​​​" classname="courseka.at.TrainerAvailabilitySteps" time="0.016"/>
  <testcase name="Given the trainer has a status &lt;status&gt;​​​​​​​​​​​​​​​​​​​​​​​" classname="courseka.at.TrainerAvailabilitySteps" time="0"/>
  <testcase name="And only two trainers are qualified to give this course​​​​​​​​​​​​​​​" classname="courseka.at.TrainerAvailabilitySteps" time="0"/>
  <testcase name="And the trainer availability is &lt;availability&gt;​​​​​​​​​​​​​​​" classname="courseka.at.TrainerAvailabilitySteps" time="0"/>
  <testcase name="When the answer to is the trainer available on another moment this day is &lt;available_on_another_moment_this_day&gt;​​​​​​​" classname="courseka.at.TrainerAvailabilitySteps" time="0"/>
  <testcase name="And the action is &lt;action&gt;​​​​​​​" classname="courseka.at.TrainerAvailabilitySteps" time="0"/>
  <testcase name="And the trainer response is &lt;response&gt;​​​​​​​​​​​​​​​" classname="courseka.at.TrainerAvailabilitySteps" time="0"/>
  <testcase name="Then the new action is &lt;new_action&gt;​​​​​​​​​​​​​​​" classname="courseka.at.TrainerAvailabilitySteps" time="0.015"/>
  <testcase name="Scenario: &lt;= 0.5 day training and only two trainers are qualified" classname="Scenario: &lt;= 0.5 day training and only two trainers are qualified" time="0.015"/>
  <testcase name="trainer_availability.story" classname="trainer_availability.story" time="0.031"/>
  <testcase name="Given &lt;trainer&gt; gave &lt;course&gt; &lt;times_given&gt; times" classname="courseka.at.TrainerExperienceSteps" time="0"/>
  <testcase name="Then the experience level for this course is &lt;experience_level&gt;" classname="courseka.at.TrainerExperienceSteps" time="0.016"/>
  <testcase name="Given &lt;trainer&gt; gave &lt;course&gt; &lt;times_given&gt; times​" classname="courseka.at.TrainerExperienceSteps" time="0"/>
  <testcase name="Then the experience level for this course is &lt;experience_level&gt;​" classname="courseka.at.TrainerExperienceSteps" time="0"/>
  <testcase name="Given &lt;trainer&gt; gave &lt;course&gt; &lt;times_given&gt; times​​" classname="courseka.at.TrainerExperienceSteps" time="0"/>
  <testcase name="Then the experience level for this course is &lt;experience_level&gt;​​" classname="courseka.at.TrainerExperienceSteps" time="0"/>
  <testcase name="Given &lt;trainer&gt; gave &lt;course&gt; &lt;times_given&gt; times​​​" classname="courseka.at.TrainerExperienceSteps" time="0"/>
  <testcase name="Then the experience level for this course is &lt;experience_level&gt;​​​" classname="courseka.at.TrainerExperienceSteps" time="0"/>
  <testcase name="Scenario: a trainer gives multiple courses" classname="Scenario: a trainer gives multiple courses" time="0.015"/>
  <testcase name="Given &lt;trainer&gt; gave &lt;course&gt; &lt;times_given&gt; times​​​​" classname="courseka.at.TrainerExperienceSteps" time="0"/>
  <testcase name="Then the experience level for this course is &lt;experience_level&gt;​​​​" classname="courseka.at.TrainerExperienceSteps" time="0"/>
  <testcase name="Given &lt;trainer&gt; gave &lt;course&gt; &lt;times_given&gt; times​​​​​" classname="courseka.at.TrainerExperienceSteps" time="0"/>
  <testcase name="Then the experience level for this course is &lt;experience_level&gt;​​​​​" classname="courseka.at.TrainerExperienceSteps" time="0"/>
  <testcase name="Scenario: a trainer gives only 2 courses" classname="Scenario: a trainer gives only 2 courses" time="0"/>
  <testcase name="Given &lt;trainer&gt; gave &lt;course&gt; &lt;times_given&gt; times​​​​​​" classname="courseka.at.TrainerExperienceSteps" time="0"/>
  <testcase name="And the experience level for this course is &lt;experience_level&gt;" classname="courseka.at.TrainerExperienceSteps" time="0"/>
  <testcase name="When &lt;reeducation&gt;" classname="courseka.at.TrainerExperienceSteps" time="0"/>
  <testcase name="Then the new experience level before the re-education is &lt;experience_level_before_reeducation&gt;" classname="courseka.at.TrainerExperienceSteps" time="0.015"/>
  <testcase name="Given &lt;trainer&gt; gave &lt;course&gt; &lt;times_given&gt; times​​​​​​​" classname="courseka.at.TrainerExperienceSteps" time="0"/>
  <testcase name="And the experience level for this course is &lt;experience_level&gt;​" classname="courseka.at.TrainerExperienceSteps" time="0"/>
  <testcase name="When &lt;reeducation&gt;​" classname="courseka.at.TrainerExperienceSteps" time="0"/>
  <testcase name="Then the new experience level before the re-education is &lt;experience_level_before_reeducation&gt;​" classname="courseka.at.TrainerExperienceSteps" time="0"/>
  <testcase name="Given &lt;trainer&gt; gave &lt;course&gt; &lt;times_given&gt; times​​​​​​​​" classname="courseka.at.TrainerExperienceSteps" time="0"/>
  <testcase name="And the experience level for this course is &lt;experience_level&gt;​​" classname="courseka.at.TrainerExperienceSteps" time="0.003"/>
  <testcase name="When &lt;reeducation&gt;​​" classname="courseka.at.TrainerExperienceSteps" time="0"/>
  <testcase name="Then the new experience level before the re-education is &lt;experience_level_before_reeducation&gt;​​" classname="courseka.at.TrainerExperienceSteps" time="0.004"/>
  <testcase name="Scenario: re-education is needed" classname="Scenario: re-education is needed" time="0.008"/>
  <testcase name="trainer_experience.story" classname="trainer_experience.story" time="0.04"/>
  <testcase name="AfterStories" classname="java.lang.Object" time="0.015"/>
</testsuite>